{"name": "test_text_box", "status": "broken", "statusDetails": {"message": "selenium.common.exceptions.ElementClickInterceptedException: Message: element click intercepted: Element <button id=\"submit\" type=\"button\" class=\"btn btn-primary\">...</button> is not clickable at point (849, 638). Other element would receive the click: <div>...</div>\n  (Session info: chrome=113.0.5672.63)\nStacktrace:\n0   chromedriver                        0x000000010f7d8598 chromedriver + 4973976\n1   chromedriver                        0x000000010f7cf913 chromedriver + 4938003\n2   chromedriver                        0x000000010f38ccd6 chromedriver + 470230\n3   chromedriver                        0x000000010f3d8533 chromedriver + 779571\n4   chromedriver                        0x000000010f3d5d5f chromedriver + 769375\n5   chromedriver                        0x000000010f3d3184 chromedriver + 758148\n6   chromedriver                        0x000000010f3d21de chromedriver + 754142\n7   chromedriver                        0x000000010f3c4671 chromedriver + 697969\n8   chromedriver                        0x000000010f3f49c2 chromedriver + 895426\n9   chromedriver                        0x000000010f3c3e51 chromedriver + 695889\n10  chromedriver                        0x000000010f3f4b7e chromedriver + 895870\n11  chromedriver                        0x000000010f40f856 chromedriver + 1005654\n12  chromedriver                        0x000000010f3f4793 chromedriver + 894867\n13  chromedriver                        0x000000010f3c221f chromedriver + 688671\n14  chromedriver                        0x000000010f3c356e chromedriver + 693614\n15  chromedriver                        0x000000010f792bb7 chromedriver + 4688823\n16  chromedriver                        0x000000010f797a51 chromedriver + 4708945\n17  chromedriver                        0x000000010f79e40f chromedriver + 4736015\n18  chromedriver                        0x000000010f79891a chromedriver + 4712730\n19  chromedriver                        0x000000010f76b87c chromedriver + 4528252\n20  chromedriver                        0x000000010f7b7f28 chromedriver + 4841256\n21  chromedriver                        0x000000010f7b80a7 chromedriver + 4841639\n22  chromedriver                        0x000000010f7c928f chromedriver + 4911759\n23  libsystem_pthread.dylib             0x00007ff8077d01d3 _pthread_start + 125\n24  libsystem_pthread.dylib             0x00007ff8077cbbd3 thread_start + 15", "trace": "browser = <selenium.webdriver.chrome.webdriver.WebDriver (session=\"8ae348c7a1b846d0b668120fb759440b\")>\n\n    def test_text_box(browser):\n        browser.get(\"https://demoqa.com/text-box\")\n    \n        full_name_xpath = '//*[@id=\"userName\"]'\n        email_xpath = '//*[@id=\"userEmail\"]'\n        current_address_xpath = '//*[@id=\"currentAddress\"]'\n        permanent_address_xpath = '//*[@id=\"permanentAddress\"]'\n        submit_xpath = '//*[@id=\"submit\"]'\n    \n        full_name_locator = browser.find_element(By.XPATH, full_name_xpath)\n        email_locator = browser.find_element(By.XPATH, email_xpath)\n        current_address_locator = browser.find_element(By.XPATH, current_address_xpath)\n        permanent_address_locator = browser.find_element(By.XPATH, permanent_address_xpath)\n        submit_locator = browser.find_element(By.XPATH, submit_xpath)\n    \n        full_name_locator.send_keys(\"Ev Grav\")\n        email_locator.send_keys(\"adamnor938@gmail.com\")\n        current_address_locator.send_keys(\"Lomnicka 124\")\n        permanent_address_locator.send_keys(\"Novozamocaka 22\")\n>       submit_locator.click()\n\nself_practice/test_tools_qa.py:24: \n_ _ _ _ _ _ _ _ _ _ _ _ _ _ _ _ _ _ _ _ _ _ _ _ _ _ _ _ _ _ _ _ _ _ _ _ _ _ _ _ _ _ _ _ _ _ _ _ _ _ _ _ _ _ _ _ _ _ _ _ _ _ _ _ _ _ _ _ _ _ _ _ _ _ _ _ _ _ _ _ _ _ _ _ _ _ \n../../tms_aqa/lib/python3.11/site-packages/selenium/webdriver/remote/webelement.py:94: in click\n    self._execute(Command.CLICK_ELEMENT)\n../../tms_aqa/lib/python3.11/site-packages/selenium/webdriver/remote/webelement.py:404: in _execute\n    return self._parent.execute(command, params)\n../../tms_aqa/lib/python3.11/site-packages/selenium/webdriver/remote/webdriver.py:440: in execute\n    self.error_handler.check_response(response)\n_ _ _ _ _ _ _ _ _ _ _ _ _ _ _ _ _ _ _ _ _ _ _ _ _ _ _ _ _ _ _ _ _ _ _ _ _ _ _ _ _ _ _ _ _ _ _ _ _ _ _ _ _ _ _ _ _ _ _ _ _ _ _ _ _ _ _ _ _ _ _ _ _ _ _ _ _ _ _ _ _ _ _ _ _ _ \n\nself = <selenium.webdriver.remote.errorhandler.ErrorHandler object at 0x107bed590>\nresponse = {'status': 400, 'value': '{\"value\":{\"error\":\"element click intercepted\",\"message\":\"element click intercepted: Element ...ff8077d01d3 _pthread_start + 125\\\\n24  libsystem_pthread.dylib             0x00007ff8077cbbd3 thread_start + 15\\\\n\"}}'}\n\n    def check_response(self, response: Dict[str, Any]) -> None:\n        \"\"\"Checks that a JSON response from the WebDriver does not have an\n        error.\n    \n        :Args:\n         - response - The JSON response from the WebDriver server as a dictionary\n           object.\n    \n        :Raises: If the response contains an error message.\n        \"\"\"\n        status = response.get(\"status\", None)\n        if not status or status == ErrorCode.SUCCESS:\n            return\n        value = None\n        message = response.get(\"message\", \"\")\n        screen: str = response.get(\"screen\", \"\")\n        stacktrace = None\n        if isinstance(status, int):\n            value_json = response.get(\"value\", None)\n            if value_json and isinstance(value_json, str):\n                import json\n    \n                try:\n                    value = json.loads(value_json)\n                    if len(value) == 1:\n                        value = value[\"value\"]\n                    status = value.get(\"error\", None)\n                    if not status:\n                        status = value.get(\"status\", ErrorCode.UNKNOWN_ERROR)\n                        message = value.get(\"value\") or value.get(\"message\")\n                        if not isinstance(message, str):\n                            value = message\n                            message = message.get(\"message\")\n                    else:\n                        message = value.get(\"message\", None)\n                except ValueError:\n                    pass\n    \n        exception_class: Type[WebDriverException]\n        if status in ErrorCode.NO_SUCH_ELEMENT:\n            exception_class = NoSuchElementException\n        elif status in ErrorCode.NO_SUCH_FRAME:\n            exception_class = NoSuchFrameException\n        elif status in ErrorCode.NO_SUCH_SHADOW_ROOT:\n            exception_class = NoSuchShadowRootException\n        elif status in ErrorCode.NO_SUCH_WINDOW:\n            exception_class = NoSuchWindowException\n        elif status in ErrorCode.STALE_ELEMENT_REFERENCE:\n            exception_class = StaleElementReferenceException\n        elif status in ErrorCode.ELEMENT_NOT_VISIBLE:\n            exception_class = ElementNotVisibleException\n        elif status in ErrorCode.INVALID_ELEMENT_STATE:\n            exception_class = InvalidElementStateException\n        elif (\n            status in ErrorCode.INVALID_SELECTOR\n            or status in ErrorCode.INVALID_XPATH_SELECTOR\n            or status in ErrorCode.INVALID_XPATH_SELECTOR_RETURN_TYPER\n        ):\n            exception_class = InvalidSelectorException\n        elif status in ErrorCode.ELEMENT_IS_NOT_SELECTABLE:\n            exception_class = ElementNotSelectableException\n        elif status in ErrorCode.ELEMENT_NOT_INTERACTABLE:\n            exception_class = ElementNotInteractableException\n        elif status in ErrorCode.INVALID_COOKIE_DOMAIN:\n            exception_class = InvalidCookieDomainException\n        elif status in ErrorCode.UNABLE_TO_SET_COOKIE:\n            exception_class = UnableToSetCookieException\n        elif status in ErrorCode.TIMEOUT:\n            exception_class = TimeoutException\n        elif status in ErrorCode.SCRIPT_TIMEOUT:\n            exception_class = TimeoutException\n        elif status in ErrorCode.UNKNOWN_ERROR:\n            exception_class = WebDriverException\n        elif status in ErrorCode.UNEXPECTED_ALERT_OPEN:\n            exception_class = UnexpectedAlertPresentException\n        elif status in ErrorCode.NO_ALERT_OPEN:\n            exception_class = NoAlertPresentException\n        elif status in ErrorCode.IME_NOT_AVAILABLE:\n            exception_class = ImeNotAvailableException\n        elif status in ErrorCode.IME_ENGINE_ACTIVATION_FAILED:\n            exception_class = ImeActivationFailedException\n        elif status in ErrorCode.MOVE_TARGET_OUT_OF_BOUNDS:\n            exception_class = MoveTargetOutOfBoundsException\n        elif status in ErrorCode.JAVASCRIPT_ERROR:\n            exception_class = JavascriptException\n        elif status in ErrorCode.SESSION_NOT_CREATED:\n            exception_class = SessionNotCreatedException\n        elif status in ErrorCode.INVALID_ARGUMENT:\n            exception_class = InvalidArgumentException\n        elif status in ErrorCode.NO_SUCH_COOKIE:\n            exception_class = NoSuchCookieException\n        elif status in ErrorCode.UNABLE_TO_CAPTURE_SCREEN:\n            exception_class = ScreenshotException\n        elif status in ErrorCode.ELEMENT_CLICK_INTERCEPTED:\n            exception_class = ElementClickInterceptedException\n        elif status in ErrorCode.INSECURE_CERTIFICATE:\n            exception_class = InsecureCertificateException\n        elif status in ErrorCode.INVALID_COORDINATES:\n            exception_class = InvalidCoordinatesException\n        elif status in ErrorCode.INVALID_SESSION_ID:\n            exception_class = InvalidSessionIdException\n        elif status in ErrorCode.UNKNOWN_METHOD:\n            exception_class = UnknownMethodException\n        else:\n            exception_class = WebDriverException\n        if not value:\n            value = response[\"value\"]\n        if isinstance(value, str):\n            raise exception_class(value)\n        if message == \"\" and \"message\" in value:\n            message = value[\"message\"]\n    \n        screen = None  # type: ignore[assignment]\n        if \"screen\" in value:\n            screen = value[\"screen\"]\n    \n        stacktrace = None\n        st_value = value.get(\"stackTrace\") or value.get(\"stacktrace\")\n        if st_value:\n            if isinstance(st_value, str):\n                stacktrace = st_value.split(\"\\n\")\n            else:\n                stacktrace = []\n                try:\n                    for frame in st_value:\n                        line = frame.get(\"lineNumber\", \"\")\n                        file = frame.get(\"fileName\", \"<anonymous>\")\n                        if line:\n                            file = f\"{file}:{line}\"\n                        meth = frame.get(\"methodName\", \"<anonymous>\")\n                        if \"className\" in frame:\n                            meth = f\"{frame['className']}.{meth}\"\n                        msg = \"    at %s (%s)\"\n                        msg = msg % (meth, file)\n                        stacktrace.append(msg)\n                except TypeError:\n                    pass\n        if exception_class == UnexpectedAlertPresentException:\n            alert_text = None\n            if \"data\" in value:\n                alert_text = value[\"data\"].get(\"text\")\n            elif \"alert\" in value:\n                alert_text = value[\"alert\"].get(\"text\")\n            raise exception_class(message, screen, stacktrace, alert_text)  # type: ignore[call-arg]  # mypy is not smart enough here\n>       raise exception_class(message, screen, stacktrace)\nE       selenium.common.exceptions.ElementClickInterceptedException: Message: element click intercepted: Element <button id=\"submit\" type=\"button\" class=\"btn btn-primary\">...</button> is not clickable at point (849, 638). Other element would receive the click: <div>...</div>\nE         (Session info: chrome=113.0.5672.63)\nE       Stacktrace:\nE       0   chromedriver                        0x000000010f7d8598 chromedriver + 4973976\nE       1   chromedriver                        0x000000010f7cf913 chromedriver + 4938003\nE       2   chromedriver                        0x000000010f38ccd6 chromedriver + 470230\nE       3   chromedriver                        0x000000010f3d8533 chromedriver + 779571\nE       4   chromedriver                        0x000000010f3d5d5f chromedriver + 769375\nE       5   chromedriver                        0x000000010f3d3184 chromedriver + 758148\nE       6   chromedriver                        0x000000010f3d21de chromedriver + 754142\nE       7   chromedriver                        0x000000010f3c4671 chromedriver + 697969\nE       8   chromedriver                        0x000000010f3f49c2 chromedriver + 895426\nE       9   chromedriver                        0x000000010f3c3e51 chromedriver + 695889\nE       10  chromedriver                        0x000000010f3f4b7e chromedriver + 895870\nE       11  chromedriver                        0x000000010f40f856 chromedriver + 1005654\nE       12  chromedriver                        0x000000010f3f4793 chromedriver + 894867\nE       13  chromedriver                        0x000000010f3c221f chromedriver + 688671\nE       14  chromedriver                        0x000000010f3c356e chromedriver + 693614\nE       15  chromedriver                        0x000000010f792bb7 chromedriver + 4688823\nE       16  chromedriver                        0x000000010f797a51 chromedriver + 4708945\nE       17  chromedriver                        0x000000010f79e40f chromedriver + 4736015\nE       18  chromedriver                        0x000000010f79891a chromedriver + 4712730\nE       19  chromedriver                        0x000000010f76b87c chromedriver + 4528252\nE       20  chromedriver                        0x000000010f7b7f28 chromedriver + 4841256\nE       21  chromedriver                        0x000000010f7b80a7 chromedriver + 4841639\nE       22  chromedriver                        0x000000010f7c928f chromedriver + 4911759\nE       23  libsystem_pthread.dylib             0x00007ff8077d01d3 _pthread_start + 125\nE       24  libsystem_pthread.dylib             0x00007ff8077cbbd3 thread_start + 15\n\n../../tms_aqa/lib/python3.11/site-packages/selenium/webdriver/remote/errorhandler.py:245: ElementClickInterceptedException"}, "start": 1683570922015, "stop": 1683570925502, "uuid": "a3a5c9f5-255a-4032-b9c0-47952e11b568", "historyId": "1d51c8608102d4e32753fffeaccd3ee5", "testCaseId": "9f4c04a1a88905dc86f9f274d0c80083", "fullName": "self_practice.test_tools_qa#test_text_box", "labels": [{"name": "parentSuite", "value": "self_practice"}, {"name": "suite", "value": "test_tools_qa"}, {"name": "host", "value": "MacBook-Pro-Evgenij.local"}, {"name": "thread", "value": "34121-MainThread"}, {"name": "framework", "value": "pytest"}, {"name": "language", "value": "cpython3"}, {"name": "package", "value": "self_practice.test_tools_qa"}]}